<?xml version="1.0" encoding="UTF-8"?>
<testsuite xmlns:xsi="http://www.w3.org/2001/XMLSchema-instance" xsi:noNamespaceSchemaLocation="https://maven.apache.org/surefire/maven-surefire-plugin/xsd/surefire-test-report.xsd" name="aluno.AppTest" time="0.119" tests="1" errors="0" skipped="0" failures="0">
  <properties>
    <property name="java.specification.version" value="17"/>
    <property name="sun.jnu.encoding" value="UTF-8"/>
    <property name="java.class.path" value="/data/data/com.termux/files/home/development/java/atividade-alunos/target/test-classes:/data/data/com.termux/files/home/development/java/atividade-alunos/target/classes:/data/data/com.termux/files/home/.m2/repository/junit/junit/4.11/junit-4.11.jar:/data/data/com.termux/files/home/.m2/repository/org/hamcrest/hamcrest-core/1.3/hamcrest-core-1.3.jar:/data/data/com.termux/files/home/.m2/repository/org/projectlombok/lombok/1.18.30/lombok-1.18.30.jar:"/>
    <property name="java.vm.vendor" value="Oracle Corporation"/>
    <property name="sun.arch.data.model" value="32"/>
    <property name="java.vendor.url" value="https://openjdk.java.net/"/>
    <property name="os.name" value="Linux"/>
    <property name="java.vm.specification.version" value="17"/>
    <property name="sun.java.launcher" value="SUN_STANDARD"/>
    <property name="sun.boot.library.path" value="/data/data/com.termux/files/usr/opt/openjdk/lib"/>
    <property name="sun.java.command" value="/data/data/com.termux/files/home/development/java/atividade-alunos/target/surefire/surefirebooter11411705907549535792.jar /data/data/com.termux/files/home/development/java/atividade-alunos/target/surefire 2023-10-24T00-15-15_263-jvmRun1 surefire3754940608152567788tmp surefire_015600199726410733475tmp"/>
    <property name="jdk.debug" value="release"/>
    <property name="surefire.test.class.path" value="/data/data/com.termux/files/home/development/java/atividade-alunos/target/test-classes:/data/data/com.termux/files/home/development/java/atividade-alunos/target/classes:/data/data/com.termux/files/home/.m2/repository/junit/junit/4.11/junit-4.11.jar:/data/data/com.termux/files/home/.m2/repository/org/hamcrest/hamcrest-core/1.3/hamcrest-core-1.3.jar:/data/data/com.termux/files/home/.m2/repository/org/projectlombok/lombok/1.18.30/lombok-1.18.30.jar:"/>
    <property name="sun.cpu.endian" value="little"/>
    <property name="user.home" value="/data/data/com.termux/files/home"/>
    <property name="user.language" value="en"/>
    <property name="java.specification.vendor" value="Oracle Corporation"/>
    <property name="java.version.date" value="2021-09-14"/>
    <property name="java.home" value="/data/data/com.termux/files/usr/opt/openjdk"/>
    <property name="file.separator" value="/"/>
    <property name="basedir" value="/data/data/com.termux/files/home/development/java/atividade-alunos"/>
    <property name="line.separator" value="&#10;"/>
    <property name="java.vm.specification.vendor" value="Oracle Corporation"/>
    <property name="java.specification.name" value="Java Platform API Specification"/>
    <property name="surefire.real.class.path" value="/data/data/com.termux/files/home/development/java/atividade-alunos/target/surefire/surefirebooter11411705907549535792.jar"/>
    <property name="sun.management.compiler" value="HotSpot Tiered Compilers"/>
    <property name="java.runtime.version" value="17-internal+0-adhoc..src"/>
    <property name="user.name" value="u0_a211"/>
    <property name="path.separator" value=":"/>
    <property name="os.version" value="4.14.141+"/>
    <property name="java.runtime.name" value="OpenJDK Runtime Environment"/>
    <property name="file.encoding" value="UTF-8"/>
    <property name="java.vm.name" value="OpenJDK Server VM"/>
    <property name="localRepository" value="/data/data/com.termux/files/home/.m2/repository"/>
    <property name="java.vendor.url.bug" value="https://bugreport.java.com/bugreport/"/>
    <property name="java.io.tmpdir" value="/data/data/com.termux/files/usr/tmp/"/>
    <property name="java.version" value="17-internal"/>
    <property name="user.dir" value="/data/data/com.termux/files/home/development/java/atividade-alunos"/>
    <property name="os.arch" value="arm"/>
    <property name="java.vm.specification.name" value="Java Virtual Machine Specification"/>
    <property name="native.encoding" value="UTF-8"/>
    <property name="java.library.path" value="/data/data/com.termux/files/usr/java/packages/lib:/data/data/com.termux/files/usr/lib"/>
    <property name="java.vm.info" value="mixed mode"/>
    <property name="java.vendor" value="N/A"/>
    <property name="java.vm.version" value="17-internal+0-adhoc..src"/>
    <property name="sun.arch.abi" value=""/>
    <property name="sun.io.unicode.encoding" value="UnicodeLittle"/>
    <property name="java.class.version" value="61.0"/>
  </properties>
  <testcase name="shouldAnswerWithTrue" classname="aluno.AppTest" time="0.007"/>
</testsuite>